[96m[1m========================================================================[0m
[96m[1m  PX4 SITL LiDAR Injection Attack Toolkit[0m
[96m[1m========================================================================[0m
  [97mmode     :[0m [93mnormal[0m
  [97mduration :[0m 30.0 s
  [97mrate     :[0m 50.0 Hz
  [97mendpoint :[0m udpout:127.0.0.1:14580
  [97msensor   :[0m Garmin LiDAR-Lite v3 (5 cm – 40 m, type=0 laser, orientation=25 down)
[96m------------------------------------------------------------------------[0m
[94m[*][0m opening MAVLink endpoint udpout:127.0.0.1:14580 …
[92m[+][0m MAVLink connection opened (sysid=1, compid=191).
[95m[>] injecting 'normal' @ 50.0 Hz for 30.0s … (Ctrl+C to abort)[0m
  [2mt=  1.00s[0m  [93mnormal     [0m  dist=[97m  2.50 m[0m  q=100  sent=51
  [2mt=  2.00s[0m  [93mnormal     [0m  dist=[97m  2.49 m[0m  q=100  sent=101
  [2mt=  3.02s[0m  [93mnormal     [0m  dist=[97m  2.51 m[0m  q=100  sent=152
  [2mt=  4.04s[0m  [93mnormal     [0m  dist=[97m  2.51 m[0m  q=100  sent=203
  [2mt=  5.04s[0m  [93mnormal     [0m  dist=[97m  2.52 m[0m  q=100  sent=253
  [2mt=  6.06s[0m  [93mnormal     [0m  dist=[97m  2.51 m[0m  q=100  sent=304
  [2mt=  7.06s[0m  [93mnormal     [0m  dist=[97m  2.49 m[0m  q=100  sent=354
  [2mt=  8.06s[0m  [93mnormal     [0m  dist=[97m  2.49 m[0m  q=100  sent=404
  [2mt=  9.08s[0m  [93mnormal     [0m  dist=[97m  2.51 m[0m  q=100  sent=455
  [2mt= 10.10s[0m  [93mnormal     [0m  dist=[97m  2.49 m[0m  q=100  sent=506
  [2mt= 11.10s[0m  [93mnormal     [0m  dist=[97m  2.49 m[0m  q=100  sent=556
  [2mt= 12.12s[0m  [93mnormal     [0m  dist=[97m  2.51 m[0m  q=100  sent=607
  [2mt= 13.12s[0m  [93mnormal     [0m  dist=[97m  2.49 m[0m  q=100  sent=657
  [2mt= 14.14s[0m  [93mnormal     [0m  dist=[97m  2.50 m[0m  q=100  sent=708
  [2mt= 15.14s[0m  [93mnormal     [0m  dist=[97m  2.49 m[0m  q=100  sent=758
  [2mt= 16.16s[0m  [93mnormal     [0m  dist=[97m  2.52 m[0m  q=100  sent=809
  [2mt= 17.16s[0m  [93mnormal     [0m  dist=[97m  2.50 m[0m  q=100  sent=859
  [2mt= 18.18s[0m  [93mnormal     [0m  dist=[97m  2.49 m[0m  q=100  sent=910
  [2mt= 19.18s[0m  [93mnormal     [0m  dist=[97m  2.47 m[0m  q=100  sent=960
  [2mt= 20.20s[0m  [93mnormal     [0m  dist=[97m  2.51 m[0m  q=100  sent=1011
  [2mt= 21.22s[0m  [93mnormal     [0m  dist=[97m  2.50 m[0m  q=100  sent=1062
  [2mt= 22.22s[0m  [93mnormal     [0m  dist=[97m  2.50 m[0m  q=100  sent=1112
  [2mt= 23.24s[0m  [93mnormal     [0m  dist=[97m  2.50 m[0m  q=100  sent=1163
  [2mt= 24.24s[0m  [93mnormal     [0m  dist=[97m  2.50 m[0m  q=100  sent=1213
  [2mt= 25.26s[0m  [93mnormal     [0m  dist=[97m  2.49 m[0m  q=100  sent=1264
  [2mt= 26.26s[0m  [93mnormal     [0m  dist=[97m  2.51 m[0m  q=100  sent=1314
  [2mt= 27.28s[0m  [93mnormal     [0m  dist=[97m  2.50 m[0m  q=100  sent=1365
  [2mt= 28.28s[0m  [93mnormal     [0m  dist=[97m  2.51 m[0m  q=100  sent=1415
  [2mt= 29.28s[0m  [93mnormal     [0m  dist=[97m  2.50 m[0m  q=100  sent=1465
[92m[✓][0m injection finished: 1500 samples in 30.00s (50.0 Hz effective)
[92m[✓][0m log written to /home/borys/CS/final_project/lidar_scripts/logs/injector_20260423_121140_normal.csv
